irun(64): 13.10-s003: (c) Copyright 1995-2013 Cadence Design Systems, Inc.
TOOL:	irun(64)	13.10-s003: Started on Nov 10, 2015 at 11:50:54 MST
irun
	-sv
	tp32toICache4kb.sv
SOFTINCLUDE $SYSTEM_CDS_LIB_DIR/cds.lib
|
irun: *W,DLCVAR (/uusoc/facility/cad_common/NCSU/CDK6-F13/cdssetup/cds.lib,1): cds.lib Invalid environment variable ''.
SOFTINCLUDE $SYSTEM_CDS_LIB_DIR/cds.lib
|
irun: *W,DLCVAR (/uusoc/facility/cad_common/NCSU/CDK6-F13/cdssetup/cds.lib,1): cds.lib Invalid environment variable ''.
SOFTINCLUDE $SYSTEM_CDS_LIB_DIR/cds.lib
|
irun: *W,DLCVAR (/uusoc/facility/cad_common/NCSU/CDK6-F13/cdssetup/cds.lib,1): cds.lib Invalid environment variable ''.
SOFTINCLUDE $SYSTEM_CDS_LIB_DIR/cds.lib
|
irun: *W,DLCVAR (/uusoc/facility/cad_common/NCSU/CDK6-F13/cdssetup/cds.lib,1): cds.lib Invalid environment variable ''.
Recompiling... reason: file './DataMultiplexer.sv' is newer than expected.
	expected: Tue Nov 10 11:42:48 2015
	actual:   Tue Nov 10 11:50:48 2015
SOFTINCLUDE $SYSTEM_CDS_LIB_DIR/cds.lib
|
irun: *W,DLCVAR (/uusoc/facility/cad_common/NCSU/CDK6-F13/cdssetup/cds.lib,1): cds.lib Invalid environment variable ''.
SOFTINCLUDE $SYSTEM_CDS_LIB_DIR/cds.lib
|
ncvlog: *W,DLCVAR (/uusoc/facility/cad_common/NCSU/CDK6-F13/cdssetup/cds.lib,1): cds.lib Invalid environment variable ''.
	Total errors/warnings found outside modules and primitives:
		errors: 0, warnings: 1
SOFTINCLUDE $SYSTEM_CDS_LIB_DIR/cds.lib
|
irun: *W,DLCVAR (/uusoc/facility/cad_common/NCSU/CDK6-F13/cdssetup/cds.lib,1): cds.lib Invalid environment variable ''.
SOFTINCLUDE $SYSTEM_CDS_LIB_DIR/cds.lib
|
irun: *W,DLCVAR (/uusoc/facility/cad_common/NCSU/CDK6-F13/cdssetup/cds.lib,1): cds.lib Invalid environment variable ''.
SOFTINCLUDE $SYSTEM_CDS_LIB_DIR/cds.lib
|
ncelab: *W,DLCVAR (/uusoc/facility/cad_common/NCSU/CDK6-F13/cdssetup/cds.lib,1): cds.lib Invalid environment variable ''.
		Caching library 'worklib' ....... Done
	Elaborating the design hierarchy:
		Caching library 'worklib' ....... Done
	Top level design units:
		$unit_0x072f363d
		tp32toICache4kb
	Building instance overlay tables: .................... Done
	Building instance specific data structures.
	Loading native compiled code:     .................... Done
	Design hierarchy summary:
		                Instances  Unique
		Modules:               81       5
		Registers:            704      44
		Scalar wires:        1089       -
		Vectored wires:       640       -
		Always blocks:         32       2
		Cont. assignments:    544     178
		Pseudo assignments:    32      32
		Compilation units:      1       1
	Writing initial simulation snapshot: worklib.tp32toICache4kb:sv
SOFTINCLUDE $SYSTEM_CDS_LIB_DIR/cds.lib
|
ncsim: *W,DLCVAR (/uusoc/facility/cad_common/NCSU/CDK6-F13/cdssetup/cds.lib,1): cds.lib Invalid environment variable ''.
Loading snapshot worklib.tp32toICache4kb:sv .................... Done
ncsim> source /uusoc/facility/cad_tools/Cadence/INCISIV-F13/tools/inca/files/ncsimrc
ncsim> run
ncsim: *W,RNQUIE: Simulation is complete.
ncsim> exit
TOOL:	irun(64)	13.10-s003: Exiting on Nov 10, 2015 at 11:50:55 MST  (total: 00:00:01)
